/!\ FAILSAFE /!\  Mon Aug 01 09:27:31 -0500 2011
  Status: 500 Internal Server Error
  no such file to load -- sqlite3
    /Users/tim/.rvm/rubies/ree-1.8.7-2011.03/lib/ruby/site_ruby/1.8/rubygems/custom_require.rb:29:in `gem_original_require'
    /Users/tim/.rvm/rubies/ree-1.8.7-2011.03/lib/ruby/site_ruby/1.8/rubygems/custom_require.rb:29:in `require'
    /Users/tim/.rvm/gems/ree-1.8.7-2011.03/gems/activesupport-2.3.11/lib/active_support/dependencies.rb:182:in `require'
    /Users/tim/.rvm/gems/ree-1.8.7-2011.03/gems/activesupport-2.3.11/lib/active_support/dependencies.rb:547:in `new_constants_in'
    /Users/tim/.rvm/gems/ree-1.8.7-2011.03/gems/activesupport-2.3.11/lib/active_support/dependencies.rb:182:in `require'
    /Users/tim/.rvm/gems/ree-1.8.7-2011.03/gems/activesupport-2.3.11/lib/active_support/core_ext/kernel/requires.rb:7:in `require_library_or_gem'
    /Users/tim/.rvm/gems/ree-1.8.7-2011.03/gems/activesupport-2.3.11/lib/active_support/core_ext/kernel/reporting.rb:11:in `silence_warnings'
    /Users/tim/.rvm/gems/ree-1.8.7-2011.03/gems/activesupport-2.3.11/lib/active_support/core_ext/kernel/requires.rb:5:in `require_library_or_gem'
    /Users/tim/.rvm/gems/ree-1.8.7-2011.03/gems/activerecord-2.3.11/lib/active_record/connection_adapters/sqlite3_adapter.rb:10:in `sqlite3_connection'
    /Users/tim/.rvm/gems/ree-1.8.7-2011.03/gems/activerecord-2.3.11/lib/active_record/connection_adapters/abstract/connection_pool.rb:223:in `send'
    /Users/tim/.rvm/gems/ree-1.8.7-2011.03/gems/activerecord-2.3.11/lib/active_record/connection_adapters/abstract/connection_pool.rb:223:in `new_connection'
    /Users/tim/.rvm/gems/ree-1.8.7-2011.03/gems/activerecord-2.3.11/lib/active_record/connection_adapters/abstract/connection_pool.rb:245:in `checkout_new_connection'
    /Users/tim/.rvm/gems/ree-1.8.7-2011.03/gems/activerecord-2.3.11/lib/active_record/connection_adapters/abstract/connection_pool.rb:188:in `checkout'
    /Users/tim/.rvm/gems/ree-1.8.7-2011.03/gems/activerecord-2.3.11/lib/active_record/connection_adapters/abstract/connection_pool.rb:184:in `loop'
    /Users/tim/.rvm/gems/ree-1.8.7-2011.03/gems/activerecord-2.3.11/lib/active_record/connection_adapters/abstract/connection_pool.rb:184:in `checkout'
    /Users/tim/.rvm/rubies/ree-1.8.7-2011.03/lib/ruby/1.8/monitor.rb:242:in `synchronize'
    /Users/tim/.rvm/gems/ree-1.8.7-2011.03/gems/activerecord-2.3.11/lib/active_record/connection_adapters/abstract/connection_pool.rb:183:in `checkout'
    /Users/tim/.rvm/gems/ree-1.8.7-2011.03/gems/activerecord-2.3.11/lib/active_record/connection_adapters/abstract/connection_pool.rb:98:in `connection'
    /Users/tim/.rvm/gems/ree-1.8.7-2011.03/gems/activerecord-2.3.11/lib/active_record/connection_adapters/abstract/connection_pool.rb:326:in `retrieve_connection'
    /Users/tim/.rvm/gems/ree-1.8.7-2011.03/gems/activerecord-2.3.11/lib/active_record/connection_adapters/abstract/connection_specification.rb:123:in `retrieve_connection'
    /Users/tim/.rvm/gems/ree-1.8.7-2011.03/gems/activerecord-2.3.11/lib/active_record/connection_adapters/abstract/connection_specification.rb:115:in `connection'
    /Users/tim/.rvm/gems/ree-1.8.7-2011.03/gems/activerecord-2.3.11/lib/active_record/query_cache.rb:9:in `cache'
    /Users/tim/.rvm/gems/ree-1.8.7-2011.03/gems/activerecord-2.3.11/lib/active_record/query_cache.rb:28:in `call'
    /Users/tim/.rvm/gems/ree-1.8.7-2011.03/gems/activerecord-2.3.11/lib/active_record/connection_adapters/abstract/connection_pool.rb:361:in `call'
    /Users/tim/.rvm/gems/ree-1.8.7-2011.03/gems/actionpack-2.3.11/lib/action_controller/string_coercion.rb:25:in `call'
    /Users/tim/.rvm/gems/ree-1.8.7-2011.03/gems/rack-1.1.2/lib/rack/head.rb:9:in `call'
    /Users/tim/.rvm/gems/ree-1.8.7-2011.03/gems/rack-1.1.2/lib/rack/methodoverride.rb:24:in `call'
    /Users/tim/.rvm/gems/ree-1.8.7-2011.03/gems/actionpack-2.3.11/lib/action_controller/params_parser.rb:15:in `call'
    /Users/tim/.rvm/gems/ree-1.8.7-2011.03/gems/actionpack-2.3.11/lib/action_controller/session/cookie_store.rb:99:in `call'
    /Users/tim/.rvm/gems/ree-1.8.7-2011.03/gems/actionpack-2.3.11/lib/action_controller/failsafe.rb:26:in `call'
    /Users/tim/.rvm/gems/ree-1.8.7-2011.03/gems/rack-1.1.2/lib/rack/lock.rb:11:in `call'
    /Users/tim/.rvm/gems/ree-1.8.7-2011.03/gems/rack-1.1.2/lib/rack/lock.rb:11:in `synchronize'
    /Users/tim/.rvm/gems/ree-1.8.7-2011.03/gems/rack-1.1.2/lib/rack/lock.rb:11:in `call'
    /Users/tim/.rvm/gems/ree-1.8.7-2011.03/gems/actionpack-2.3.11/lib/action_controller/dispatcher.rb:114:in `call'
    /Users/tim/.rvm/gems/ree-1.8.7-2011.03/gems/actionpack-2.3.11/lib/action_controller/reloader.rb:34:in `run'
    /Users/tim/.rvm/gems/ree-1.8.7-2011.03/gems/actionpack-2.3.11/lib/action_controller/dispatcher.rb:108:in `call'
    /Users/tim/.rvm/gems/ree-1.8.7-2011.03/gems/rails-2.3.11/lib/rails/rack/static.rb:31:in `call'
    /Users/tim/.rvm/gems/ree-1.8.7-2011.03/gems/rack-1.1.2/lib/rack/urlmap.rb:47:in `call'
    /Users/tim/.rvm/gems/ree-1.8.7-2011.03/gems/rack-1.1.2/lib/rack/urlmap.rb:41:in `each'
    /Users/tim/.rvm/gems/ree-1.8.7-2011.03/gems/rack-1.1.2/lib/rack/urlmap.rb:41:in `call'
    /Users/tim/.rvm/gems/ree-1.8.7-2011.03/gems/rails-2.3.11/lib/rails/rack/log_tailer.rb:17:in `call'
    /Users/tim/.rvm/gems/ree-1.8.7-2011.03/gems/rack-1.1.2/lib/rack/content_length.rb:13:in `call'
    /Users/tim/.rvm/gems/ree-1.8.7-2011.03/gems/rack-1.1.2/lib/rack/chunked.rb:15:in `call'
    /Users/tim/.rvm/gems/ree-1.8.7-2011.03/gems/rack-1.1.2/lib/rack/handler/mongrel.rb:67:in `process'
    /Users/tim/.rvm/gems/ree-1.8.7-2011.03/gems/mongrel-1.1.5/lib/mongrel.rb:159:in `process_client'
    /Users/tim/.rvm/gems/ree-1.8.7-2011.03/gems/mongrel-1.1.5/lib/mongrel.rb:158:in `each'
    /Users/tim/.rvm/gems/ree-1.8.7-2011.03/gems/mongrel-1.1.5/lib/mongrel.rb:158:in `process_client'
    /Users/tim/.rvm/gems/ree-1.8.7-2011.03/gems/mongrel-1.1.5/lib/mongrel.rb:285:in `run'
    /Users/tim/.rvm/gems/ree-1.8.7-2011.03/gems/mongrel-1.1.5/lib/mongrel.rb:285:in `initialize'
    /Users/tim/.rvm/gems/ree-1.8.7-2011.03/gems/mongrel-1.1.5/lib/mongrel.rb:285:in `new'
    /Users/tim/.rvm/gems/ree-1.8.7-2011.03/gems/mongrel-1.1.5/lib/mongrel.rb:285:in `run'
    /Users/tim/.rvm/gems/ree-1.8.7-2011.03/gems/mongrel-1.1.5/lib/mongrel.rb:268:in `initialize'
    /Users/tim/.rvm/gems/ree-1.8.7-2011.03/gems/mongrel-1.1.5/lib/mongrel.rb:268:in `new'
    /Users/tim/.rvm/gems/ree-1.8.7-2011.03/gems/mongrel-1.1.5/lib/mongrel.rb:268:in `run'
    /Users/tim/.rvm/gems/ree-1.8.7-2011.03/gems/rack-1.1.2/lib/rack/handler/mongrel.rb:38:in `run'
    /Users/tim/.rvm/gems/ree-1.8.7-2011.03/gems/rails-2.3.11/lib/commands/server.rb:111
    /Users/tim/.rvm/rubies/ree-1.8.7-2011.03/lib/ruby/site_ruby/1.8/rubygems/custom_require.rb:29:in `gem_original_require'
    /Users/tim/.rvm/rubies/ree-1.8.7-2011.03/lib/ruby/site_ruby/1.8/rubygems/custom_require.rb:29:in `require'
    ./script/server:3
/!\ FAILSAFE /!\  Mon Aug 01 09:28:38 -0500 2011
  Status: 500 Internal Server Error
  no such file to load -- sqlite3
    /Users/tim/.rvm/rubies/ree-1.8.7-2011.03/lib/ruby/site_ruby/1.8/rubygems/custom_require.rb:29:in `gem_original_require'
    /Users/tim/.rvm/rubies/ree-1.8.7-2011.03/lib/ruby/site_ruby/1.8/rubygems/custom_require.rb:29:in `require'
    /Users/tim/.rvm/gems/ree-1.8.7-2011.03/gems/activesupport-2.3.11/lib/active_support/dependencies.rb:182:in `require'
    /Users/tim/.rvm/gems/ree-1.8.7-2011.03/gems/activesupport-2.3.11/lib/active_support/dependencies.rb:547:in `new_constants_in'
    /Users/tim/.rvm/gems/ree-1.8.7-2011.03/gems/activesupport-2.3.11/lib/active_support/dependencies.rb:182:in `require'
    /Users/tim/.rvm/gems/ree-1.8.7-2011.03/gems/activesupport-2.3.11/lib/active_support/core_ext/kernel/requires.rb:7:in `require_library_or_gem'
    /Users/tim/.rvm/gems/ree-1.8.7-2011.03/gems/activesupport-2.3.11/lib/active_support/core_ext/kernel/reporting.rb:11:in `silence_warnings'
    /Users/tim/.rvm/gems/ree-1.8.7-2011.03/gems/activesupport-2.3.11/lib/active_support/core_ext/kernel/requires.rb:5:in `require_library_or_gem'
    /Users/tim/.rvm/gems/ree-1.8.7-2011.03/gems/activerecord-2.3.11/lib/active_record/connection_adapters/sqlite3_adapter.rb:10:in `sqlite3_connection'
    /Users/tim/.rvm/gems/ree-1.8.7-2011.03/gems/activerecord-2.3.11/lib/active_record/connection_adapters/abstract/connection_pool.rb:223:in `send'
    /Users/tim/.rvm/gems/ree-1.8.7-2011.03/gems/activerecord-2.3.11/lib/active_record/connection_adapters/abstract/connection_pool.rb:223:in `new_connection'
    /Users/tim/.rvm/gems/ree-1.8.7-2011.03/gems/activerecord-2.3.11/lib/active_record/connection_adapters/abstract/connection_pool.rb:245:in `checkout_new_connection'
    /Users/tim/.rvm/gems/ree-1.8.7-2011.03/gems/activerecord-2.3.11/lib/active_record/connection_adapters/abstract/connection_pool.rb:188:in `checkout'
    /Users/tim/.rvm/gems/ree-1.8.7-2011.03/gems/activerecord-2.3.11/lib/active_record/connection_adapters/abstract/connection_pool.rb:184:in `loop'
    /Users/tim/.rvm/gems/ree-1.8.7-2011.03/gems/activerecord-2.3.11/lib/active_record/connection_adapters/abstract/connection_pool.rb:184:in `checkout'
    /Users/tim/.rvm/rubies/ree-1.8.7-2011.03/lib/ruby/1.8/monitor.rb:242:in `synchronize'
    /Users/tim/.rvm/gems/ree-1.8.7-2011.03/gems/activerecord-2.3.11/lib/active_record/connection_adapters/abstract/connection_pool.rb:183:in `checkout'
    /Users/tim/.rvm/gems/ree-1.8.7-2011.03/gems/activerecord-2.3.11/lib/active_record/connection_adapters/abstract/connection_pool.rb:98:in `connection'
    /Users/tim/.rvm/gems/ree-1.8.7-2011.03/gems/activerecord-2.3.11/lib/active_record/connection_adapters/abstract/connection_pool.rb:326:in `retrieve_connection'
    /Users/tim/.rvm/gems/ree-1.8.7-2011.03/gems/activerecord-2.3.11/lib/active_record/connection_adapters/abstract/connection_specification.rb:123:in `retrieve_connection'
    /Users/tim/.rvm/gems/ree-1.8.7-2011.03/gems/activerecord-2.3.11/lib/active_record/connection_adapters/abstract/connection_specification.rb:115:in `connection'
    /Users/tim/.rvm/gems/ree-1.8.7-2011.03/gems/activerecord-2.3.11/lib/active_record/query_cache.rb:9:in `cache'
    /Users/tim/.rvm/gems/ree-1.8.7-2011.03/gems/activerecord-2.3.11/lib/active_record/query_cache.rb:28:in `call'
    /Users/tim/.rvm/gems/ree-1.8.7-2011.03/gems/activerecord-2.3.11/lib/active_record/connection_adapters/abstract/connection_pool.rb:361:in `call'
    /Users/tim/.rvm/gems/ree-1.8.7-2011.03/gems/actionpack-2.3.11/lib/action_controller/string_coercion.rb:25:in `call'
    /Users/tim/.rvm/gems/ree-1.8.7-2011.03/gems/rack-1.1.2/lib/rack/head.rb:9:in `call'
    /Users/tim/.rvm/gems/ree-1.8.7-2011.03/gems/rack-1.1.2/lib/rack/methodoverride.rb:24:in `call'
    /Users/tim/.rvm/gems/ree-1.8.7-2011.03/gems/actionpack-2.3.11/lib/action_controller/params_parser.rb:15:in `call'
    /Users/tim/.rvm/gems/ree-1.8.7-2011.03/gems/actionpack-2.3.11/lib/action_controller/session/cookie_store.rb:99:in `call'
    /Users/tim/.rvm/gems/ree-1.8.7-2011.03/gems/actionpack-2.3.11/lib/action_controller/failsafe.rb:26:in `call'
    /Users/tim/.rvm/gems/ree-1.8.7-2011.03/gems/rack-1.1.2/lib/rack/lock.rb:11:in `call'
    /Users/tim/.rvm/gems/ree-1.8.7-2011.03/gems/rack-1.1.2/lib/rack/lock.rb:11:in `synchronize'
    /Users/tim/.rvm/gems/ree-1.8.7-2011.03/gems/rack-1.1.2/lib/rack/lock.rb:11:in `call'
    /Users/tim/.rvm/gems/ree-1.8.7-2011.03/gems/actionpack-2.3.11/lib/action_controller/dispatcher.rb:114:in `call'
    /Users/tim/.rvm/gems/ree-1.8.7-2011.03/gems/actionpack-2.3.11/lib/action_controller/reloader.rb:34:in `run'
    /Users/tim/.rvm/gems/ree-1.8.7-2011.03/gems/actionpack-2.3.11/lib/action_controller/dispatcher.rb:108:in `call'
    /Users/tim/.rvm/gems/ree-1.8.7-2011.03/gems/rails-2.3.11/lib/rails/rack/static.rb:31:in `call'
    /Users/tim/.rvm/gems/ree-1.8.7-2011.03/gems/rack-1.1.2/lib/rack/urlmap.rb:47:in `call'
    /Users/tim/.rvm/gems/ree-1.8.7-2011.03/gems/rack-1.1.2/lib/rack/urlmap.rb:41:in `each'
    /Users/tim/.rvm/gems/ree-1.8.7-2011.03/gems/rack-1.1.2/lib/rack/urlmap.rb:41:in `call'
    /Users/tim/.rvm/gems/ree-1.8.7-2011.03/gems/rails-2.3.11/lib/rails/rack/log_tailer.rb:17:in `call'
    /Users/tim/.rvm/gems/ree-1.8.7-2011.03/gems/rack-1.1.2/lib/rack/content_length.rb:13:in `call'
    /Users/tim/.rvm/gems/ree-1.8.7-2011.03/gems/rack-1.1.2/lib/rack/chunked.rb:15:in `call'
    /Users/tim/.rvm/gems/ree-1.8.7-2011.03/gems/rack-1.1.2/lib/rack/handler/mongrel.rb:67:in `process'
    /Users/tim/.rvm/gems/ree-1.8.7-2011.03/gems/mongrel-1.1.5/lib/mongrel.rb:159:in `process_client'
    /Users/tim/.rvm/gems/ree-1.8.7-2011.03/gems/mongrel-1.1.5/lib/mongrel.rb:158:in `each'
    /Users/tim/.rvm/gems/ree-1.8.7-2011.03/gems/mongrel-1.1.5/lib/mongrel.rb:158:in `process_client'
    /Users/tim/.rvm/gems/ree-1.8.7-2011.03/gems/mongrel-1.1.5/lib/mongrel.rb:285:in `run'
    /Users/tim/.rvm/gems/ree-1.8.7-2011.03/gems/mongrel-1.1.5/lib/mongrel.rb:285:in `initialize'
    /Users/tim/.rvm/gems/ree-1.8.7-2011.03/gems/mongrel-1.1.5/lib/mongrel.rb:285:in `new'
    /Users/tim/.rvm/gems/ree-1.8.7-2011.03/gems/mongrel-1.1.5/lib/mongrel.rb:285:in `run'
    /Users/tim/.rvm/gems/ree-1.8.7-2011.03/gems/mongrel-1.1.5/lib/mongrel.rb:268:in `initialize'
    /Users/tim/.rvm/gems/ree-1.8.7-2011.03/gems/mongrel-1.1.5/lib/mongrel.rb:268:in `new'
    /Users/tim/.rvm/gems/ree-1.8.7-2011.03/gems/mongrel-1.1.5/lib/mongrel.rb:268:in `run'
    /Users/tim/.rvm/gems/ree-1.8.7-2011.03/gems/rack-1.1.2/lib/rack/handler/mongrel.rb:38:in `run'
    /Users/tim/.rvm/gems/ree-1.8.7-2011.03/gems/rails-2.3.11/lib/commands/server.rb:111
    /Users/tim/.rvm/rubies/ree-1.8.7-2011.03/lib/ruby/site_ruby/1.8/rubygems/custom_require.rb:29:in `gem_original_require'
    /Users/tim/.rvm/rubies/ree-1.8.7-2011.03/lib/ruby/site_ruby/1.8/rubygems/custom_require.rb:29:in `require'
    ./script/server:3
